TN:
SF:src\modules\accounts\infra\typeorm\entities\User.ts
FN:30,User
FNF:1
FNH:1
FNDA:1,User
DA:1,1
DA:2,1
DA:3,1
DA:4,1
DA:5,1
DA:6,1
DA:7,1
DA:8,1
DA:9,1
DA:10,1
DA:11,1
DA:12,1
DA:13,1
DA:14,1
DA:15,1
DA:16,1
DA:17,1
DA:18,1
DA:19,1
DA:20,1
DA:21,1
DA:22,1
DA:23,1
DA:24,1
DA:25,1
DA:26,1
DA:27,1
DA:28,1
DA:29,1
DA:30,1
DA:31,1
DA:32,1
DA:33,1
DA:34,1
DA:35,1
LF:35
LH:35
BRDA:5,0,0,1
BRDA:30,1,0,1
BRF:2
BRH:2
end_of_record
TN:
SF:src\modules\accounts\repositories\in-memory\UserRepositoryInMemory.ts
FN:5,UserRepositoryInMemory
FN:8,Object.<anonymous>.UserRepositoryInMemory.create
FN:21,Object.<anonymous>.UserRepositoryInMemory.findByEmail
FN:25,Object.<anonymous>.UserRepositoryInMemory.findById
FNF:4
FNH:3
FNDA:3,UserRepositoryInMemory
FNDA:1,Object.<anonymous>.UserRepositoryInMemory.create
FNDA:4,Object.<anonymous>.UserRepositoryInMemory.findByEmail
FNDA:0,Object.<anonymous>.UserRepositoryInMemory.findById
DA:1,1
DA:2,1
DA:3,1
DA:4,1
DA:5,3
DA:6,3
DA:7,3
DA:8,3
DA:9,1
DA:10,1
DA:11,1
DA:12,1
DA:13,1
DA:14,1
DA:15,1
DA:16,1
DA:17,1
DA:18,1
DA:19,1
DA:20,3
DA:21,3
DA:22,4
DA:23,4
DA:24,3
DA:25,3
DA:26,0
DA:27,0
DA:28,3
LF:28
LH:26
BRDA:5,0,0,1
BRDA:5,1,0,3
BRDA:8,2,0,1
BRDA:21,3,0,4
BRDA:22,4,0,1
BRF:5
BRH:5
end_of_record
TN:
SF:src\modules\accounts\useCases\authenticateUser\AuthenticateUserUseCase.ts
FN:23,AuthenticateUserUseCase
FN:28,Object.<anonymous>.AuthenticateUserUseCase.execute
FNF:2
FNH:2
FNDA:3,AuthenticateUserUseCase
FNDA:2,Object.<anonymous>.AuthenticateUserUseCase.execute
DA:1,1
DA:2,1
DA:3,1
DA:4,1
DA:5,1
DA:6,1
DA:7,1
DA:8,1
DA:9,1
DA:10,1
DA:11,1
DA:12,1
DA:13,1
DA:14,1
DA:15,1
DA:16,1
DA:17,1
DA:18,1
DA:19,1
DA:20,1
DA:21,1
DA:22,1
DA:23,1
DA:24,3
DA:25,3
DA:26,3
DA:27,1
DA:28,1
DA:29,2
DA:30,2
DA:31,2
DA:32,1
DA:33,1
DA:34,2
DA:35,2
DA:36,2
DA:37,2
DA:38,2
DA:39,2
DA:40,2
DA:41,2
DA:42,2
DA:43,2
DA:44,2
DA:45,2
DA:46,2
DA:47,2
DA:48,2
DA:49,2
DA:50,2
DA:51,2
DA:52,2
DA:53,2
DA:54,2
DA:55,2
DA:56,2
DA:57,2
DA:58,2
DA:59,1
LF:59
LH:59
BRDA:22,0,0,1
BRDA:23,1,0,3
BRDA:28,2,0,2
BRDA:29,3,0,2
BRDA:31,4,0,1
BRDA:35,5,0,0
BRF:6
BRH:5
end_of_record
TN:
SF:src\modules\accounts\useCases\createUser\createUserUseCase.ts
FN:10,CreateUserUseCase
FN:15,Object.<anonymous>.CreateUserUseCase.execute
FNF:2
FNH:2
FNDA:3,CreateUserUseCase
FNDA:2,Object.<anonymous>.CreateUserUseCase.execute
DA:1,1
DA:2,1
DA:3,1
DA:4,1
DA:5,1
DA:6,1
DA:7,1
DA:8,1
DA:9,1
DA:10,1
DA:11,3
DA:12,3
DA:13,3
DA:14,1
DA:15,1
DA:16,2
DA:17,2
DA:18,2
DA:19,2
DA:20,2
DA:21,2
DA:22,2
DA:23,2
DA:24,0
DA:25,0
DA:26,2
DA:27,2
DA:28,2
DA:29,2
DA:30,2
DA:31,2
DA:32,2
DA:33,2
DA:34,2
DA:35,1
LF:35
LH:33
BRDA:9,0,0,1
BRDA:10,1,0,3
BRDA:15,2,0,2
BRDA:21,3,0,2
BRDA:23,4,0,0
BRF:5
BRH:4
end_of_record
TN:
SF:src\modules\cars\infra\typeorm\entities\Car.ts
FN:68,Car
FNF:1
FNH:1
FNDA:13,Car
DA:1,1
DA:2,1
DA:3,1
DA:4,1
DA:5,1
DA:6,1
DA:7,1
DA:8,1
DA:9,1
DA:10,1
DA:11,1
DA:12,1
DA:13,1
DA:14,1
DA:15,1
DA:16,1
DA:17,3
DA:18,3
DA:19,3
DA:20,3
DA:21,3
DA:22,3
DA:23,3
DA:24,3
DA:25,3
DA:26,3
DA:27,3
DA:28,3
DA:29,3
DA:30,3
DA:31,3
DA:32,3
DA:33,3
DA:34,3
DA:35,3
DA:36,3
DA:37,3
DA:38,3
DA:39,3
DA:40,3
DA:41,3
DA:42,3
DA:43,3
DA:44,3
DA:45,3
DA:46,3
DA:47,3
DA:48,3
DA:49,3
DA:50,3
DA:51,3
DA:52,3
DA:53,3
DA:54,3
DA:55,3
DA:56,3
DA:57,3
DA:58,3
DA:59,3
DA:60,3
DA:61,3
DA:62,3
DA:63,3
DA:64,3
DA:65,3
DA:66,3
DA:67,3
DA:68,3
DA:69,13
DA:70,13
DA:71,13
DA:72,13
DA:73,13
DA:74,3
LF:74
LH:74
BRDA:17,0,0,3
BRDA:68,1,0,13
BRF:2
BRH:2
end_of_record
TN:
SF:src\modules\cars\infra\typeorm\entities\Category.ts
FN:18,Category
FNF:1
FNH:1
FNDA:2,Category
DA:1,1
DA:2,1
DA:3,1
DA:4,1
DA:5,4
DA:6,4
DA:7,4
DA:8,4
DA:9,4
DA:10,4
DA:11,4
DA:12,4
DA:13,4
DA:14,4
DA:15,4
DA:16,4
DA:17,4
DA:18,4
DA:19,2
DA:20,2
DA:21,2
DA:22,2
DA:23,4
LF:23
LH:23
BRDA:5,0,0,4
BRDA:18,1,0,2
BRF:2
BRH:2
end_of_record
TN:
SF:src\modules\cars\infra\typeorm\entities\Specification.ts
FN:18,Specification
FNF:1
FNH:1
FNDA:1,Specification
DA:1,1
DA:2,1
DA:3,1
DA:4,1
DA:5,3
DA:6,3
DA:7,3
DA:8,3
DA:9,3
DA:10,3
DA:11,3
DA:12,3
DA:13,3
DA:14,3
DA:15,3
DA:16,3
DA:17,3
DA:18,3
DA:19,1
DA:20,1
DA:21,1
DA:22,1
DA:23,3
LF:23
LH:23
BRDA:5,0,0,3
BRDA:18,1,0,1
BRF:2
BRH:2
end_of_record
TN:
SF:src\modules\cars\repositories\in-memory\CarsRepositoryInMemory.ts
FN:5,CarsRepositoryInMemory
FN:8,Object.<anonymous>.CarsRepositoryInMemory.findByLicensePlate
FN:12,Object.<anonymous>.CarsRepositoryInMemory.create
FN:23,Object.<anonymous>.CarsRepositoryInMemory.listAllAvailable
FN:38,Object.<anonymous>.CarsRepositoryInMemory.findById
FNF:5
FNH:5
FNDA:9,CarsRepositoryInMemory
FNDA:11,Object.<anonymous>.CarsRepositoryInMemory.findByLicensePlate
FNDA:13,Object.<anonymous>.CarsRepositoryInMemory.create
FNDA:4,Object.<anonymous>.CarsRepositoryInMemory.listAllAvailable
FNDA:3,Object.<anonymous>.CarsRepositoryInMemory.findById
DA:1,1
DA:2,1
DA:3,1
DA:4,1
DA:5,9
DA:6,9
DA:7,9
DA:8,9
DA:9,11
DA:10,11
DA:11,9
DA:12,9
DA:13,13
DA:14,13
DA:15,13
DA:16,13
DA:17,13
DA:18,13
DA:19,13
DA:20,13
DA:21,13
DA:22,9
DA:23,9
DA:24,4
DA:25,4
DA:26,4
DA:27,4
DA:28,4
DA:29,4
DA:30,4
DA:31,7
DA:32,7
DA:33,7
DA:34,7
DA:35,4
DA:36,4
DA:37,9
DA:38,9
DA:39,3
DA:40,3
DA:41,9
LF:41
LH:41
BRDA:5,0,0,3
BRDA:5,1,0,9
BRDA:8,2,0,11
BRDA:9,3,0,8
BRDA:12,4,0,13
BRDA:18,5,0,5
BRDA:23,6,0,4
BRDA:29,7,0,8
BRDA:30,8,0,7
BRDA:31,9,0,2
BRDA:31,10,0,6
BRDA:32,11,0,2
BRDA:32,12,0,5
BRDA:33,13,0,2
BRDA:33,14,0,4
BRDA:34,15,0,3
BRDA:34,16,0,2
BRDA:38,17,0,3
BRDA:39,18,0,2
BRF:19
BRH:19
end_of_record
TN:
SF:src\modules\cars\repositories\in-memory\CategoriesRepositoryInMemory.ts
FN:7,CategoriesRepositoryInMemory
FN:10,Object.<anonymous>.CategoriesRepositoryInMemory.findByName
FN:15,Object.<anonymous>.CategoriesRepositoryInMemory.list
FN:19,Object.<anonymous>.CategoriesRepositoryInMemory.create
FNF:4
FNH:3
FNDA:2,CategoriesRepositoryInMemory
FNDA:4,Object.<anonymous>.CategoriesRepositoryInMemory.findByName
FNDA:0,Object.<anonymous>.CategoriesRepositoryInMemory.list
FNDA:2,Object.<anonymous>.CategoriesRepositoryInMemory.create
DA:1,1
DA:2,1
DA:3,1
DA:4,1
DA:5,1
DA:6,1
DA:7,2
DA:8,2
DA:9,2
DA:10,2
DA:11,4
DA:12,4
DA:13,4
DA:14,2
DA:15,2
DA:16,0
DA:17,0
DA:18,2
DA:19,2
DA:20,2
DA:21,2
DA:22,2
DA:23,2
DA:24,2
DA:25,2
DA:26,2
LF:26
LH:24
BRDA:7,0,0,1
BRDA:7,1,0,2
BRDA:10,2,0,4
BRDA:11,3,0,2
BRDA:19,4,0,2
BRF:5
BRH:5
end_of_record
TN:
SF:src\modules\cars\repositories\in-memory\SpecificationsRepositoryInMemory.ts
FN:7,SpecificationsRepositoryInMemory
FN:12,Object.<anonymous>.SpecificationsRepositoryInMemory.create
FN:21,Object.<anonymous>.SpecificationsRepositoryInMemory.findByName
FN:27,Object.<anonymous>.SpecificationsRepositoryInMemory.findByIds
FNF:4
FNH:4
FNDA:2,SpecificationsRepositoryInMemory
FNDA:1,Object.<anonymous>.SpecificationsRepositoryInMemory.create
FNDA:1,Object.<anonymous>.SpecificationsRepositoryInMemory.findByName
FNDA:1,Object.<anonymous>.SpecificationsRepositoryInMemory.findByIds
DA:1,1
DA:2,1
DA:3,1
DA:4,1
DA:5,1
DA:6,1
DA:7,2
DA:8,2
DA:9,2
DA:10,2
DA:11,2
DA:12,2
DA:13,1
DA:14,1
DA:15,1
DA:16,1
DA:17,1
DA:18,1
DA:19,1
DA:20,2
DA:21,2
DA:22,1
DA:23,1
DA:24,1
DA:25,1
DA:26,2
DA:27,2
DA:28,1
DA:29,1
DA:30,1
DA:31,1
DA:32,1
DA:33,1
DA:34,2
LF:34
LH:34
BRDA:7,0,0,1
BRDA:7,1,0,2
BRDA:12,2,0,1
BRDA:21,3,0,1
BRDA:23,4,0,1
BRDA:27,5,0,1
BRDA:28,6,0,1
BRF:7
BRH:7
end_of_record
TN:
SF:src\modules\cars\useCases\createCar\CreateCarUseCase.ts
FN:18,CreateCarUseCase
FN:22,Object.<anonymous>.CreateCarUseCase.execute
FNF:2
FNH:2
FNDA:3,CreateCarUseCase
FNDA:4,Object.<anonymous>.CreateCarUseCase.execute
DA:1,1
DA:2,1
DA:3,1
DA:4,1
DA:5,1
DA:6,1
DA:7,1
DA:8,1
DA:9,1
DA:10,1
DA:11,1
DA:12,1
DA:13,1
DA:14,1
DA:15,1
DA:16,1
DA:17,1
DA:18,1
DA:19,3
DA:20,3
DA:21,3
DA:22,1
DA:23,4
DA:24,4
DA:25,4
DA:26,4
DA:27,4
DA:28,4
DA:29,4
DA:30,4
DA:31,4
DA:32,4
DA:33,4
DA:34,4
DA:35,4
DA:36,1
DA:37,1
DA:38,3
DA:39,3
DA:40,3
DA:41,3
DA:42,3
DA:43,3
DA:44,3
DA:45,3
DA:46,3
DA:47,3
DA:48,4
DA:49,1
LF:49
LH:49
BRDA:17,0,0,1
BRDA:18,1,0,3
BRDA:22,2,0,4
BRDA:31,3,0,4
BRDA:35,4,0,1
BRDA:38,5,0,3
BRF:6
BRH:6
end_of_record
TN:
SF:src\modules\cars\useCases\createCarSpecification\CreateCarSpecificationUseCase.ts
FN:13,CreateCarSpecificationUseCase
FN:20,Object.<anonymous>.CreateCarSpecificationUseCase.execute
FNF:2
FNH:2
FNDA:2,CreateCarSpecificationUseCase
FNDA:2,Object.<anonymous>.CreateCarSpecificationUseCase.execute
DA:1,1
DA:2,1
DA:3,1
DA:4,1
DA:5,1
DA:6,1
DA:7,1
DA:8,1
DA:9,1
DA:10,1
DA:11,1
DA:12,1
DA:13,1
DA:14,2
DA:15,2
DA:16,2
DA:17,2
DA:18,2
DA:19,1
DA:20,1
DA:21,2
DA:22,2
DA:23,2
DA:24,1
DA:25,1
DA:26,1
DA:27,1
DA:28,1
DA:29,1
DA:30,2
DA:31,2
DA:32,2
DA:33,2
DA:34,2
DA:35,1
LF:35
LH:35
BRDA:12,0,0,1
BRDA:13,1,0,2
BRDA:20,2,0,2
BRDA:21,3,0,2
BRDA:23,4,0,1
BRF:5
BRH:5
end_of_record
TN:
SF:src\modules\cars\useCases\createCategory\CreateCategoryUseCase.ts
FN:13,CreateCategoryUseCase
FN:18,Object.<anonymous>.CreateCategoryUseCase.execute
FNF:2
FNH:2
FNDA:2,CreateCategoryUseCase
FNDA:3,Object.<anonymous>.CreateCategoryUseCase.execute
DA:1,1
DA:2,1
DA:3,1
DA:4,1
DA:5,1
DA:6,1
DA:7,1
DA:8,1
DA:9,1
DA:10,1
DA:11,1
DA:12,1
DA:13,1
DA:14,2
DA:15,2
DA:16,2
DA:17,1
DA:18,1
DA:19,3
DA:20,3
DA:21,3
DA:22,3
DA:23,3
DA:24,1
DA:25,1
DA:26,2
DA:27,2
DA:28,3
DA:29,1
LF:29
LH:29
BRDA:12,0,0,1
BRDA:13,1,0,2
BRDA:18,2,0,3
BRDA:19,3,0,3
BRDA:23,4,0,1
BRDA:26,5,0,2
BRF:6
BRH:6
end_of_record
TN:
SF:src\modules\cars\useCases\listCars\ListCarsUseCase.ts
FN:14,ListCarsUseCase
FN:19,Object.<anonymous>.ListCarsUseCase.execute
FNF:2
FNH:2
FNDA:4,ListCarsUseCase
FNDA:4,Object.<anonymous>.ListCarsUseCase.execute
DA:1,1
DA:2,1
DA:3,1
DA:4,1
DA:5,1
DA:6,1
DA:7,1
DA:8,1
DA:9,1
DA:10,1
DA:11,1
DA:12,1
DA:13,1
DA:14,1
DA:15,4
DA:16,4
DA:17,4
DA:18,1
DA:19,1
DA:20,4
DA:21,4
DA:22,4
DA:23,4
DA:24,4
DA:25,4
DA:26,4
DA:27,4
DA:28,1
LF:28
LH:28
BRDA:13,0,0,1
BRDA:14,1,0,4
BRDA:19,2,0,4
BRDA:20,3,0,4
BRF:4
BRH:4
end_of_record
TN:
SF:src\shared\errors\AppError.ts
FN:5,AppError
FNF:1
FNH:1
FNDA:4,AppError
DA:1,4
DA:2,4
DA:3,4
DA:4,4
DA:5,4
DA:6,4
DA:7,4
DA:8,4
DA:9,4
LF:9
LH:9
BRDA:1,0,0,4
BRDA:5,1,0,4
BRF:2
BRH:2
end_of_record
